Added Component: Designator=A1(ArduinoNano)
Added Component: Designator=A2(DS3231micro)
Added Component: Designator=A3(BMP280_Module)
Added Component: Designator=C1(CAPAER_D0650_L1150_P0250_W50X300)
Added Component: Designator=C2(C0603)
Added Component: Designator=C3(CAPAE_R0500_X0540(Nich_Case-C5))
Added Component: Designator=C4(C0603)
Added Component: Designator=C5(C0603)
Added Component: Designator=C6(C0603)
Added Component: Designator=C7(C0603)
Added Component: Designator=C8(C0603)
Added Component: Designator=DD1(SO-16)
Added Component: Designator=DD2(SO-16)
Added Component: Designator=DD3(SO-16)
Added Component: Designator=DD4(SO-16)
Added Component: Designator=HL1(7SEG_SA10_21)
Added Component: Designator=HL2(7SEG_SA10_21)
Added Component: Designator=HL3(7SEG_SA10_21)
Added Component: Designator=HL4(7SEG_SA10_21)
Added Component: Designator=R1(R0805)
Added Component: Designator=R2(R0805)
Added Component: Designator=R3(R0805)
Added Component: Designator=R4(R0805)
Added Component: Designator=R5(R0805)
Added Component: Designator=R6(R0805)
Added Component: Designator=R7(R0805)
Added Component: Designator=R8(R0805)
Added Component: Designator=R9(R0805)
Added Component: Designator=R10(R0805)
Added Component: Designator=R11(R0805)
Added Component: Designator=R12(GL55)
Added Component: Designator=R13(R0805)
Added Component: Designator=R14(R0805)
Added Component: Designator=R15(R0805)
Added Component: Designator=R16(R0805)
Added Component: Designator=R17(R0805)
Added Component: Designator=R18(R0805)
Added Component: Designator=R19(R0805)
Added Component: Designator=R20(R0805)
Added Component: Designator=R21(R0805)
Added Component: Designator=R22(R0805)
Added Component: Designator=R23(R0805)
Added Component: Designator=R24(R0805)
Added Component: Designator=R25(R0805)
Added Component: Designator=R26(R0805)
Added Component: Designator=R27(R0805)
Added Component: Designator=R28(R0805)
Added Component: Designator=R29(R0805)
Added Component: Designator=R30(R0805)
Added Component: Designator=R31(R0805)
Added Component: Designator=R32(R0805)
Added Component: Designator=R33(R0805)
Added Component: Designator=R34(R0805)
Added Component: Designator=R35(R0805)
Added Component: Designator=R36(R0805)
Added Component: Designator=R37(R0805)
Added Component: Designator=R38(R0805)
Added Component: Designator=R39(R0805)
Added Component: Designator=R40(R0805)
Added Component: Designator=R41(R0805)
Added Component: Designator=R42(R0805)
Added Component: Designator=R43(R0805)
Added Component: Designator=R44(R0805)
Added Component: Designator=SA1(TS6606-9.0)
Added Component: Designator=SA2(TS6606-9.0)
Added Component: Designator=VT1(S8550)
Add component (AddParameter): Name = "Model"; Value = "S8550"; VariantName = "[No Variations]"
Added Component: Designator=VT2(S8550)
Add component (AddParameter): Name = "Model"; Value = "S8550"; VariantName = "[No Variations]"
Added Component: Designator=VT3(S8550)
Add component (AddParameter): Name = "Model"; Value = "S8550"; VariantName = "[No Variations]"
Added Component: Designator=VT4(S8550)
Add component (AddParameter): Name = "Model"; Value = "S8550"; VariantName = "[No Variations]"
Added Component: Designator=XP1(PLS2-2)
Add component (AddParameter): Name = "Current"; Value = "3A"; VariantName = "[No Variations]"
Add component (AddParameter): Name = "Manufacturer"; Value = "Connfly"; VariantName = "[No Variations]"
Add component (AddParameter): Name = "NET 1"; Value = "VCC"; VariantName = "[No Variations]"
Add component (AddParameter): Name = "NET 2"; Value = "GND"; VariantName = "[No Variations]"
Add component (AddParameter): Name = "Type"; Value = "DS1072-2MVT6"; VariantName = "[No Variations]"
Add component (AddParameter): Name = "Voltage"; Value = "250Vac"; VariantName = "[No Variations]"
Added Pin To Net: NetName=+3.3 Pin=A1-17
Added Pin To Net: NetName=+3.3 Pin=A2-1
Added Pin To Net: NetName=+3.3 Pin=A3-1
Added Net: Name=+3.3
Added Pin To Net: NetName=+5 Pin=A1-27
Added Pin To Net: NetName=+5 Pin=C3-1
Added Pin To Net: NetName=+5 Pin=C4-2
Added Pin To Net: NetName=+5 Pin=C5-1
Added Pin To Net: NetName=+5 Pin=C6-1
Added Pin To Net: NetName=+5 Pin=C7-1
Added Pin To Net: NetName=+5 Pin=C8-1
Added Pin To Net: NetName=+5 Pin=DD1-10
Added Pin To Net: NetName=+5 Pin=DD1-16
Added Pin To Net: NetName=+5 Pin=DD2-10
Added Pin To Net: NetName=+5 Pin=DD2-16
Added Pin To Net: NetName=+5 Pin=DD3-10
Added Pin To Net: NetName=+5 Pin=DD3-16
Added Pin To Net: NetName=+5 Pin=DD4-10
Added Pin To Net: NetName=+5 Pin=DD4-16
Added Pin To Net: NetName=+5 Pin=R3-1
Added Pin To Net: NetName=+5 Pin=R4-1
Added Pin To Net: NetName=+5 Pin=R5-1
Added Pin To Net: NetName=+5 Pin=R6-1
Added Pin To Net: NetName=+5 Pin=R9-1
Added Pin To Net: NetName=+5 Pin=R10-1
Added Pin To Net: NetName=+5 Pin=R11-1
Added Pin To Net: NetName=+5 Pin=VT1-E
Added Pin To Net: NetName=+5 Pin=VT2-E
Added Pin To Net: NetName=+5 Pin=VT3-E
Added Pin To Net: NetName=+5 Pin=VT4-E
Added Net: Name=+5
Added Pin To Net: NetName=BTN_1 Pin=A1-19
Added Pin To Net: NetName=BTN_1 Pin=R5-2
Added Pin To Net: NetName=BTN_1 Pin=SA1-1
Added Net: Name=BTN_1
Added Pin To Net: NetName=BTN_2 Pin=A1-20
Added Pin To Net: NetName=BTN_2 Pin=R6-2
Added Pin To Net: NetName=BTN_2 Pin=SA2-1
Added Net: Name=BTN_2
Added Pin To Net: NetName=CLK Pin=A1-6
Added Pin To Net: NetName=CLK Pin=DD1-11
Added Pin To Net: NetName=CLK Pin=DD2-11
Added Pin To Net: NetName=CLK Pin=DD3-11
Added Pin To Net: NetName=CLK Pin=DD4-11
Added Net: Name=CLK
Added Pin To Net: NetName=CS Pin=A1-7
Added Pin To Net: NetName=CS Pin=DD1-12
Added Pin To Net: NetName=CS Pin=DD2-12
Added Pin To Net: NetName=CS Pin=DD3-12
Added Pin To Net: NetName=CS Pin=DD4-12
Added Net: Name=CS
Added Pin To Net: NetName=DAT Pin=A1-8
Added Pin To Net: NetName=DAT Pin=DD1-14
Added Net: Name=DAT
Added Pin To Net: NetName=GND Pin=A1-4
Added Pin To Net: NetName=GND Pin=A1-29
Added Pin To Net: NetName=GND Pin=A2-5
Added Pin To Net: NetName=GND Pin=A3-2
Added Pin To Net: NetName=GND Pin=C1-2
Added Pin To Net: NetName=GND Pin=C2-1
Added Pin To Net: NetName=GND Pin=C3-2
Added Pin To Net: NetName=GND Pin=C4-1
Added Pin To Net: NetName=GND Pin=C5-2
Added Pin To Net: NetName=GND Pin=C6-2
Added Pin To Net: NetName=GND Pin=C7-2
Added Pin To Net: NetName=GND Pin=C8-2
Added Pin To Net: NetName=GND Pin=DD1-8
Added Pin To Net: NetName=GND Pin=DD2-8
Added Pin To Net: NetName=GND Pin=DD3-8
Added Pin To Net: NetName=GND Pin=DD4-8
Added Pin To Net: NetName=GND Pin=R12-2
Added Pin To Net: NetName=GND Pin=SA1-2
Added Pin To Net: NetName=GND Pin=SA2-2
Added Pin To Net: NetName=GND Pin=XP1-2
Added Net: Name=GND
Added Pin To Net: NetName=HL1_AN Pin=HL1-9
Added Pin To Net: NetName=HL1_AN Pin=HL1-9
Added Pin To Net: NetName=HL1_AN Pin=VT1-C
Added Net: Name=HL1_AN
Added Pin To Net: NetName=HL1_A Pin=HL1-1
Added Pin To Net: NetName=HL1_A Pin=R16-1
Added Net: Name=HL1_A
Added Pin To Net: NetName=HL1_B Pin=HL1-2
Added Pin To Net: NetName=HL1_B Pin=R17-1
Added Net: Name=HL1_B
Added Pin To Net: NetName=HL1_C Pin=HL1-3
Added Pin To Net: NetName=HL1_C Pin=R18-1
Added Net: Name=HL1_C
Added Pin To Net: NetName=HL1_D Pin=HL1-4
Added Pin To Net: NetName=HL1_D Pin=R13-1
Added Net: Name=HL1_D
Added Pin To Net: NetName=HL1_E Pin=HL1-5
Added Pin To Net: NetName=HL1_E Pin=R14-1
Added Net: Name=HL1_E
Added Pin To Net: NetName=HL1_F Pin=HL1-6
Added Pin To Net: NetName=HL1_F Pin=R15-1
Added Net: Name=HL1_F
Added Pin To Net: NetName=HL2_AN Pin=HL2-9
Added Pin To Net: NetName=HL2_AN Pin=HL2-9
Added Pin To Net: NetName=HL2_AN Pin=VT3-C
Added Net: Name=HL2_AN
Added Pin To Net: NetName=HL3_AN Pin=HL3-9
Added Pin To Net: NetName=HL3_AN Pin=HL3-9
Added Pin To Net: NetName=HL3_AN Pin=VT2-C
Added Net: Name=HL3_AN
Added Pin To Net: NetName=HL3_A Pin=HL3-1
Added Pin To Net: NetName=HL3_A Pin=R32-1
Added Net: Name=HL3_A
Added Pin To Net: NetName=HL3_B Pin=HL3-2
Added Pin To Net: NetName=HL3_B Pin=R33-1
Added Net: Name=HL3_B
Added Pin To Net: NetName=HL3_C Pin=HL3-3
Added Pin To Net: NetName=HL3_C Pin=R34-1
Added Net: Name=HL3_C
Added Pin To Net: NetName=HL3_D Pin=HL3-4
Added Pin To Net: NetName=HL3_D Pin=R29-1
Added Net: Name=HL3_D
Added Pin To Net: NetName=HL3_E Pin=HL3-5
Added Pin To Net: NetName=HL3_E Pin=R30-1
Added Net: Name=HL3_E
Added Pin To Net: NetName=HL3_F Pin=HL3-6
Added Pin To Net: NetName=HL3_F Pin=R31-1
Added Net: Name=HL3_F
Added Pin To Net: NetName=HL4_AN Pin=HL4-9
Added Pin To Net: NetName=HL4_AN Pin=HL4-9
Added Pin To Net: NetName=HL4_AN Pin=VT4-C
Added Net: Name=HL4_AN
Added Pin To Net: NetName=NetDD1_1 Pin=DD1-1
Added Pin To Net: NetName=NetDD1_1 Pin=R14-2
Added Net: Name=NetDD1_1
Added Pin To Net: NetName=NetDD1_2 Pin=DD1-2
Added Pin To Net: NetName=NetDD1_2 Pin=R15-2
Added Net: Name=NetDD1_2
Added Pin To Net: NetName=NetDD1_3 Pin=DD1-3
Added Pin To Net: NetName=NetDD1_3 Pin=R16-2
Added Net: Name=NetDD1_3
Added Pin To Net: NetName=NetDD1_4 Pin=DD1-4
Added Pin To Net: NetName=NetDD1_4 Pin=R17-2
Added Net: Name=NetDD1_4
Added Pin To Net: NetName=NetDD1_5 Pin=DD1-5
Added Pin To Net: NetName=NetDD1_5 Pin=R18-2
Added Net: Name=NetDD1_5
Added Pin To Net: NetName=NetDD1_6 Pin=DD1-6
Added Pin To Net: NetName=NetDD1_6 Pin=R19-2
Added Net: Name=NetDD1_6
Added Pin To Net: NetName=NetDD1_7 Pin=DD1-7
Added Pin To Net: NetName=NetDD1_7 Pin=R20-2
Added Net: Name=NetDD1_7
Added Pin To Net: NetName=NetDD1_9 Pin=DD1-9
Added Pin To Net: NetName=NetDD1_9 Pin=DD2-14
Added Net: Name=NetDD1_9
Added Pin To Net: NetName=NetDD1_15 Pin=DD1-15
Added Pin To Net: NetName=NetDD1_15 Pin=R13-2
Added Net: Name=NetDD1_15
Added Pin To Net: NetName=NetDD2_1 Pin=DD2-1
Added Pin To Net: NetName=NetDD2_1 Pin=R22-2
Added Net: Name=NetDD2_1
Added Pin To Net: NetName=NetDD2_2 Pin=DD2-2
Added Pin To Net: NetName=NetDD2_2 Pin=R23-2
Added Net: Name=NetDD2_2
Added Pin To Net: NetName=NetDD2_3 Pin=DD2-3
Added Pin To Net: NetName=NetDD2_3 Pin=R24-2
Added Net: Name=NetDD2_3
Added Pin To Net: NetName=NetDD2_4 Pin=DD2-4
Added Pin To Net: NetName=NetDD2_4 Pin=R25-2
Added Net: Name=NetDD2_4
Added Pin To Net: NetName=NetDD2_5 Pin=DD2-5
Added Pin To Net: NetName=NetDD2_5 Pin=R26-2
Added Net: Name=NetDD2_5
Added Pin To Net: NetName=NetDD2_6 Pin=DD2-6
Added Pin To Net: NetName=NetDD2_6 Pin=R27-2
Added Net: Name=NetDD2_6
Added Pin To Net: NetName=NetDD2_7 Pin=DD2-7
Added Pin To Net: NetName=NetDD2_7 Pin=R28-2
Added Net: Name=NetDD2_7
Added Pin To Net: NetName=NetDD2_9 Pin=DD2-9
Added Pin To Net: NetName=NetDD2_9 Pin=DD3-14
Added Net: Name=NetDD2_9
Added Pin To Net: NetName=NetDD2_15 Pin=DD2-15
Added Pin To Net: NetName=NetDD2_15 Pin=R21-2
Added Net: Name=NetDD2_15
Added Pin To Net: NetName=NetDD3_1 Pin=DD3-1
Added Pin To Net: NetName=NetDD3_1 Pin=R30-2
Added Net: Name=NetDD3_1
Added Pin To Net: NetName=NetDD3_2 Pin=DD3-2
Added Pin To Net: NetName=NetDD3_2 Pin=R31-2
Added Net: Name=NetDD3_2
Added Pin To Net: NetName=NetDD3_3 Pin=DD3-3
Added Pin To Net: NetName=NetDD3_3 Pin=R32-2
Added Net: Name=NetDD3_3
Added Pin To Net: NetName=NetDD3_4 Pin=DD3-4
Added Pin To Net: NetName=NetDD3_4 Pin=R33-2
Added Net: Name=NetDD3_4
Added Pin To Net: NetName=NetDD3_5 Pin=DD3-5
Added Pin To Net: NetName=NetDD3_5 Pin=R34-2
Added Net: Name=NetDD3_5
Added Pin To Net: NetName=NetDD3_6 Pin=DD3-6
Added Pin To Net: NetName=NetDD3_6 Pin=R35-2
Added Net: Name=NetDD3_6
Added Pin To Net: NetName=NetDD3_7 Pin=DD3-7
Added Pin To Net: NetName=NetDD3_7 Pin=R36-2
Added Net: Name=NetDD3_7
Added Pin To Net: NetName=NetDD3_9 Pin=DD3-9
Added Pin To Net: NetName=NetDD3_9 Pin=DD4-14
Added Net: Name=NetDD3_9
Added Pin To Net: NetName=NetDD3_15 Pin=DD3-15
Added Pin To Net: NetName=NetDD3_15 Pin=R29-2
Added Net: Name=NetDD3_15
Added Pin To Net: NetName=NetDD4_1 Pin=DD4-1
Added Pin To Net: NetName=NetDD4_1 Pin=R38-2
Added Net: Name=NetDD4_1
Added Pin To Net: NetName=NetDD4_2 Pin=DD4-2
Added Pin To Net: NetName=NetDD4_2 Pin=R39-2
Added Net: Name=NetDD4_2
Added Pin To Net: NetName=NetDD4_3 Pin=DD4-3
Added Pin To Net: NetName=NetDD4_3 Pin=R40-2
Added Net: Name=NetDD4_3
Added Pin To Net: NetName=NetDD4_4 Pin=DD4-4
Added Pin To Net: NetName=NetDD4_4 Pin=R41-2
Added Net: Name=NetDD4_4
Added Pin To Net: NetName=NetDD4_5 Pin=DD4-5
Added Pin To Net: NetName=NetDD4_5 Pin=R42-2
Added Net: Name=NetDD4_5
Added Pin To Net: NetName=NetDD4_6 Pin=DD4-6
Added Pin To Net: NetName=NetDD4_6 Pin=R43-2
Added Net: Name=NetDD4_6
Added Pin To Net: NetName=NetDD4_7 Pin=DD4-7
Added Pin To Net: NetName=NetDD4_7 Pin=R44-2
Added Net: Name=NetDD4_7
Added Pin To Net: NetName=NetDD4_15 Pin=DD4-15
Added Pin To Net: NetName=NetDD4_15 Pin=R37-2
Added Net: Name=NetDD4_15
Added Pin To Net: NetName=NetHL1_7 Pin=HL1-7
Added Pin To Net: NetName=NetHL1_7 Pin=R19-1
Added Net: Name=NetHL1_7
Added Pin To Net: NetName=NetHL1_8 Pin=HL1-8
Added Pin To Net: NetName=NetHL1_8 Pin=R20-1
Added Net: Name=NetHL1_8
Added Pin To Net: NetName=NetHL2_1 Pin=HL2-1
Added Pin To Net: NetName=NetHL2_1 Pin=R21-1
Added Net: Name=NetHL2_1
Added Pin To Net: NetName=NetHL2_2 Pin=HL2-2
Added Pin To Net: NetName=NetHL2_2 Pin=R22-1
Added Net: Name=NetHL2_2
Added Pin To Net: NetName=NetHL2_3 Pin=HL2-3
Added Pin To Net: NetName=NetHL2_3 Pin=R23-1
Added Net: Name=NetHL2_3
Added Pin To Net: NetName=NetHL2_4 Pin=HL2-4
Added Pin To Net: NetName=NetHL2_4 Pin=R24-1
Added Net: Name=NetHL2_4
Added Pin To Net: NetName=NetHL2_5 Pin=HL2-5
Added Pin To Net: NetName=NetHL2_5 Pin=R25-1
Added Net: Name=NetHL2_5
Added Pin To Net: NetName=NetHL2_6 Pin=HL2-6
Added Pin To Net: NetName=NetHL2_6 Pin=R26-1
Added Net: Name=NetHL2_6
Added Pin To Net: NetName=NetHL2_7 Pin=HL2-7
Added Pin To Net: NetName=NetHL2_7 Pin=R27-1
Added Net: Name=NetHL2_7
Added Pin To Net: NetName=NetHL2_8 Pin=HL2-8
Added Pin To Net: NetName=NetHL2_8 Pin=R28-1
Added Net: Name=NetHL2_8
Added Pin To Net: NetName=NetHL3_7 Pin=HL3-7
Added Pin To Net: NetName=NetHL3_7 Pin=R35-1
Added Net: Name=NetHL3_7
Added Pin To Net: NetName=NetHL3_8 Pin=HL3-8
Added Pin To Net: NetName=NetHL3_8 Pin=R36-1
Added Net: Name=NetHL3_8
Added Pin To Net: NetName=NetHL4_1 Pin=HL4-1
Added Pin To Net: NetName=NetHL4_1 Pin=R37-1
Added Net: Name=NetHL4_1
Added Pin To Net: NetName=NetHL4_2 Pin=HL4-2
Added Pin To Net: NetName=NetHL4_2 Pin=R38-1
Added Net: Name=NetHL4_2
Added Pin To Net: NetName=NetHL4_3 Pin=HL4-3
Added Pin To Net: NetName=NetHL4_3 Pin=R39-1
Added Net: Name=NetHL4_3
Added Pin To Net: NetName=NetHL4_4 Pin=HL4-4
Added Pin To Net: NetName=NetHL4_4 Pin=R40-1
Added Net: Name=NetHL4_4
Added Pin To Net: NetName=NetHL4_5 Pin=HL4-5
Added Pin To Net: NetName=NetHL4_5 Pin=R41-1
Added Net: Name=NetHL4_5
Added Pin To Net: NetName=NetHL4_6 Pin=HL4-6
Added Pin To Net: NetName=NetHL4_6 Pin=R42-1
Added Net: Name=NetHL4_6
Added Pin To Net: NetName=NetHL4_7 Pin=HL4-7
Added Pin To Net: NetName=NetHL4_7 Pin=R43-1
Added Net: Name=NetHL4_7
Added Pin To Net: NetName=NetHL4_8 Pin=HL4-8
Added Pin To Net: NetName=NetHL4_8 Pin=R44-1
Added Net: Name=NetHL4_8
Added Pin To Net: NetName=NetR1_1 Pin=R1-1
Added Pin To Net: NetName=NetR1_1 Pin=R3-2
Added Pin To Net: NetName=NetR1_1 Pin=VT1-B
Added Net: Name=NetR1_1
Added Pin To Net: NetName=NetR2_1 Pin=R2-1
Added Pin To Net: NetName=NetR2_1 Pin=R4-2
Added Pin To Net: NetName=NetR2_1 Pin=VT2-B
Added Net: Name=NetR2_1
Added Pin To Net: NetName=NetR7_1 Pin=R7-1
Added Pin To Net: NetName=NetR7_1 Pin=R9-2
Added Pin To Net: NetName=NetR7_1 Pin=VT3-B
Added Net: Name=NetR7_1
Added Pin To Net: NetName=NetR8_1 Pin=R8-1
Added Pin To Net: NetName=NetR8_1 Pin=R10-2
Added Pin To Net: NetName=NetR8_1 Pin=VT4-B
Added Net: Name=NetR8_1
Added Pin To Net: NetName=OE Pin=A1-13
Added Pin To Net: NetName=OE Pin=DD1-13
Added Pin To Net: NetName=OE Pin=DD2-13
Added Pin To Net: NetName=OE Pin=DD3-13
Added Pin To Net: NetName=OE Pin=DD4-13
Added Net: Name=OE
Added Pin To Net: NetName=PHOTO Pin=A1-25
Added Pin To Net: NetName=PHOTO Pin=R11-2
Added Pin To Net: NetName=PHOTO Pin=R12-1
Added Net: Name=PHOTO
Added Pin To Net: NetName=PWM Pin=A1-12
Added Pin To Net: NetName=PWM Pin=R1-2
Added Pin To Net: NetName=PWM Pin=R2-2
Added Pin To Net: NetName=PWM Pin=R7-2
Added Pin To Net: NetName=PWM Pin=R8-2
Added Net: Name=PWM
Added Pin To Net: NetName=SCL Pin=A1-24
Added Pin To Net: NetName=SCL Pin=A2-3
Added Pin To Net: NetName=SCL Pin=A3-3
Added Net: Name=SCL
Added Pin To Net: NetName=SDA Pin=A1-23
Added Pin To Net: NetName=SDA Pin=A2-2
Added Pin To Net: NetName=SDA Pin=A3-4
Added Net: Name=SDA
Added Pin To Net: NetName=VCC Pin=A1-30
Added Pin To Net: NetName=VCC Pin=C1-1
Added Pin To Net: NetName=VCC Pin=C2-2
Added Pin To Net: NetName=VCC Pin=XP1-1
Added Net: Name=VCC
Added Class: Name=—хема_часов
Added Rule: Name=Schematic Supply Nets
Added Rule: Name=Schematic Supply Nets_1
Added Rule: Name=Schematic Supply Nets_2
Added Rule: Name=Schematic Supply Nets_3
